<?xml version="1.0" encoding="UTF-8"?>
<!-- Generated by org.testng.reporters.JUnitReportReporter -->
<testsuite hostname="IBM-5GW22F3" failures="0" tests="1" name="pk_spree.com.Post_Create_Address_using_File_creating_Oauth" time="1.618" errors="0" timestamp="2024-03-19T12:49:53 IST" skipped="0">
  <testcase classname="pk_spree.com.Post_Create_Address_using_File_creating_Oauth" name="CreateAddress" time="1.618"/>
  <system-out/>
</testsuite> <!-- pk_spree.com.Post_Create_Address_using_File_creating_Oauth -->
