<?xml version="1.0" encoding="UTF-8"?>
<!-- Generated by org.testng.reporters.JUnitReportReporter -->
<testsuite hostname="IBM-5GW22F3" failures="0" tests="1" name="pk_spree.com.Retrieve_a_Country" time="3.484" errors="0" timestamp="2024-03-18T17:32:49 IST" skipped="0">
  <testcase classname="pk_spree.com.Retrieve_a_Country" name="getDefaultCountry" time="3.484"/>
  <system-out/>
</testsuite> <!-- pk_spree.com.Retrieve_a_Country -->
