<?xml version="1.0" encoding="UTF-8"?>
<!-- Generated by org.testng.reporters.JUnitReportReporter -->
<testsuite hostname="IBM-5GW22F3" failures="0" tests="1" name="pk_spree.com.Get_Default_Country" time="2.677" errors="0" timestamp="2024-03-18T17:07:48 IST" skipped="0">
  <testcase classname="pk_spree.com.Get_Default_Country" name="getDefaultCountry" time="2.677"/>
  <system-out/>
</testsuite> <!-- pk_spree.com.Get_Default_Country -->
