<?xml version="1.0" encoding="UTF-8"?>
<!-- Generated by org.testng.reporters.JUnitReportReporter -->
<testsuite hostname="IBM-5GW22F3" failures="0" tests="1" name="pk_spree.com.Post_Create_Address_using_File_creating_Oauth_from_Util" time="6.602" errors="0" timestamp="2024-03-19T13:05:35 IST" skipped="0">
  <testcase classname="pk_spree.com.Post_Create_Address_using_File_creating_Oauth_from_Util" name="Create_Address" time="6.602"/>
  <system-out/>
</testsuite> <!-- pk_spree.com.Post_Create_Address_using_File_creating_Oauth_from_Util -->
