<?xml version="1.0" encoding="UTF-8"?>
<!-- Generated by org.testng.reporters.JUnitReportReporter -->
<testsuite hostname="IBM-5GW22F3" failures="0" tests="5" name="pk_spree.com.Create_Multiple_Address_Using_TestData" time="11.592" errors="0" timestamp="2024-03-19T16:34:05 IST" skipped="0">
  <testcase classname="pk_spree.com.Create_Multiple_Address_Using_TestData" name="addAddress" time="1.991"/>
  <system-out/>
  <testcase classname="pk_spree.com.Create_Multiple_Address_Using_TestData" name="addAddress" time="3.972"/>
  <system-out/>
  <testcase classname="pk_spree.com.Create_Multiple_Address_Using_TestData" name="addAddress" time="1.847"/>
  <system-out/>
  <testcase classname="pk_spree.com.Create_Multiple_Address_Using_TestData" name="addAddress" time="1.869"/>
  <system-out/>
  <testcase classname="pk_spree.com.Create_Multiple_Address_Using_TestData" name="addAddress" time="1.913"/>
  <system-out/>
</testsuite> <!-- pk_spree.com.Create_Multiple_Address_Using_TestData -->
