<?xml version="1.0" encoding="UTF-8"?>
<!-- Generated by org.testng.reporters.JUnitReportReporter -->
<testsuite hostname="IBM-5GW22F3" failures="0" tests="6" name="pk_spree.com.B_Get_Retrieve_a_Country" time="8.640" errors="0" timestamp="2024-03-19T16:19:36 IST" skipped="1">
  <testcase classname="pk_spree.com.B_Get_Retrieve_a_Country" name="getCountry" time="4.178"/>
  <system-out/>
  <testcase classname="pk_spree.com.B_Get_Retrieve_a_Country" name="getCountry" time="1.013"/>
  <system-out/>
  <testcase classname="pk_spree.com.B_Get_Retrieve_a_Country" name="getCountry" time="1.558"/>
  <system-out/>
  <testcase classname="pk_spree.com.B_Get_Retrieve_a_Country" name="getCountry" time="0.946"/>
  <system-out/>
  <testcase classname="pk_spree.com.B_Get_Retrieve_a_Country" name="getCountry" time="0.945"/>
  <system-out/>
  <testcase classname="pk_spree.com.B_Get_Retrieve_a_Country" name="getDefaultCountry">
    <skipped/>
  </testcase> <!-- getDefaultCountry -->
  <system-out/>
</testsuite> <!-- pk_spree.com.B_Get_Retrieve_a_Country -->
