<?xml version="1.0" encoding="UTF-8"?>
<!-- Generated by org.testng.reporters.JUnitReportReporter -->
<testsuite hostname="IBM-5GW22F3" failures="0" tests="1" name="pk_spree.com.oAuth_Token" time="4.067" errors="0" timestamp="2024-03-19T10:41:19 IST" skipped="0">
  <testcase classname="pk_spree.com.oAuth_Token" name="oAuth_Token" time="4.067"/>
  <system-out/>
</testsuite> <!-- pk_spree.com.oAuth_Token -->
