<?xml version="1.0" encoding="UTF-8"?>
<!-- Generated by org.testng.reporters.JUnitReportReporter -->
<testsuite hostname="IBM-5GW22F3" failures="0" tests="3" name="pk_spree.com.Spree_Add_Address_Delete_Address" time="38.388" errors="0" timestamp="2024-03-20T10:54:43 IST" skipped="0">
  <testcase classname="pk_spree.com.Spree_Add_Address_Delete_Address" name="Create_Address" time="4.204"/>
  <system-out/>
  <testcase classname="pk_spree.com.Spree_Add_Address_Delete_Address" name="Update_Address" time="2.022"/>
  <system-out/>
  <testcase classname="pk_spree.com.Spree_Add_Address_Delete_Address" name="deleteAddress_UI" time="32.162"/>
  <system-out/>
</testsuite> <!-- pk_spree.com.Spree_Add_Address_Delete_Address -->
