<?xml version="1.0" encoding="UTF-8"?>
<!-- Generated by org.testng.reporters.JUnitReportReporter -->
<testsuite hostname="IBM-5GW22F3" failures="0" tests="1" name="pk_spree.com.C_Get_Default_Country_jsonpath" time="4.428" errors="0" timestamp="2024-03-20T07:11:36 IST" skipped="0">
  <testcase classname="pk_spree.com.C_Get_Default_Country_jsonpath" name="getDefaultCountry" time="4.428"/>
  <system-out/>
</testsuite> <!-- pk_spree.com.C_Get_Default_Country_jsonpath -->
