<?xml version="1.0" encoding="UTF-8"?>
<!-- Generated by org.testng.reporters.JUnitReportReporter -->
<testsuite hostname="IBM-5GW22F3" failures="0" tests="5" name="pk_spree.com.Spree_Add_Multiple_Address_with_label" time="13.512" errors="0" timestamp="2024-03-20T11:13:04 IST" skipped="0">
  <testcase classname="pk_spree.com.Spree_Add_Multiple_Address_with_label" name="addAddress" time="1.900"/>
  <system-out/>
  <testcase classname="pk_spree.com.Spree_Add_Multiple_Address_with_label" name="addAddress" time="2.019"/>
  <system-out/>
  <testcase classname="pk_spree.com.Spree_Add_Multiple_Address_with_label" name="addAddress" time="1.999"/>
  <system-out/>
  <testcase classname="pk_spree.com.Spree_Add_Multiple_Address_with_label" name="addAddress" time="1.903"/>
  <system-out/>
  <testcase classname="pk_spree.com.Spree_Add_Multiple_Address_with_label" name="addAddress" time="5.691"/>
  <system-out/>
</testsuite> <!-- pk_spree.com.Spree_Add_Multiple_Address_with_label -->
